<?xml version="1.0" encoding="UTF-8"?>
<!-- Generated by org.testng.reporters.JUnitXMLReporter -->
<testsuite hostname="Nikhils-MacBook-Pro.local" name="Test-chrome-Web" tests="1" failures="0" timestamp="3 May 2020 00:49:28 GMT" time="2.923" errors="0">
  <testcase name="verifyAboutusLink" time="2.91" classname="com.edureka.php.tests.PhpappTest"/>
</testsuite> <!-- Test-chrome-Web -->
