<?xml version="1.0" encoding="UTF-8"?>
<!-- Generated by org.testng.reporters.JUnitReportReporter -->
<testsuite hostname="Nikhils-MacBook-Pro.local" name="com.edureka.php.tests.PhpappTest" tests="1" failures="0" timestamp="3 May 2020 00:49:28 GMT" time="2.910" errors="0">
  <testcase name="verifyAboutusLink" time="2.910" classname="com.edureka.php.tests.PhpappTest"/>
</testsuite> <!-- com.edureka.php.tests.PhpappTest -->
